#
# There is insufficient memory for the Java Runtime Environment to continue.
# Native memory allocation (malloc) failed to allocate 728416 bytes for Chunk::new
# Possible reasons:
#   The system is out of physical RAM or swap space
#   The process is running with CompressedOops enabled, and the Java Heap may be blocking the growth of the native heap
# Possible solutions:
#   Reduce memory load on the system
#   Increase physical memory or swap space
#   Check if swap backing store is full
#   Decrease Java heap size (-Xmx/-Xms)
#   Decrease number of Java threads
#   Decrease Java thread stack sizes (-Xss)
#   Set larger code cache with -XX:ReservedCodeCacheSize=
#   JVM is running with Unscaled Compressed Oops mode in which the Java heap is
#     placed in the first 4GB address space. The Java Heap base address is the
#     maximum limit for the native heap growth. Please use -XX:HeapBaseMinAddress
#     to set the Java Heap base and to place the Java Heap above 4GB virtual address.
# This output file may be truncated or incomplete.
#
#  Out of Memory Error (allocation.cpp:389), pid=1476, tid=0x0000000000001be0
#
# JRE version: Java(TM) SE Runtime Environment (8.0_231-b11) (build 1.8.0_231-b11)
# Java VM: Java HotSpot(TM) 64-Bit Server VM (25.231-b11 mixed mode windows-amd64 compressed oops)
# Failed to write core dump. Minidumps are not enabled by default on client versions of Windows
#

---------------  T H R E A D  ---------------

Current thread (0x00000000164ca000):  JavaThread "C2 CompilerThread0" daemon [_thread_in_native, id=7136, stack(0x0000000017e60000,0x0000000017f60000)]

Stack: [0x0000000017e60000,0x0000000017f60000]
[error occurred during error reporting (printing stack bounds), id 0xc0000005]

Native frames: (J=compiled Java code, j=interpreted, Vv=VM code, C=native code)


Current CompileTask:
C2:  80079 17709       4       com.android.tools.r8.dex.DexParser::parseCodeItem (484 bytes)


---------------  P R O C E S S  ---------------

Java Threads: ( => current thread )
  0x000000001cd29000 JavaThread "ForkJoinPool-2-worker-0" daemon [_thread_blocked, id=6200, stack(0x0000000025120000,0x0000000025220000)]
  0x000000001cd2d800 JavaThread "ForkJoinPool-2-worker-3" daemon [_thread_blocked, id=13692, stack(0x0000000025020000,0x0000000025120000)]
  0x000000001cd33000 JavaThread "ForkJoinPool-2-worker-2" daemon [_thread_blocked, id=9460, stack(0x0000000025940000,0x0000000025a40000)]
  0x000000001cd28000 JavaThread "ForkJoinPool-2-worker-1" daemon [_thread_blocked, id=12628, stack(0x0000000025420000,0x0000000025520000)]
  0x000000001cd26000 JavaThread "ForkJoinPool.commonPool-worker-2" daemon [_thread_blocked, id=15284, stack(0x000000001a7e0000,0x000000001a8e0000)]
  0x000000001cd2c800 JavaThread "ForkJoinPool.commonPool-worker-1" daemon [_thread_blocked, id=7144, stack(0x0000000000bd0000,0x0000000000cd0000)]
  0x000000001cd29800 JavaThread "Cache worker for Java compile cache (G:\newPro\QieziSocial_new\.gradle\4.6\javaCompile)" [_thread_blocked, id=10460, stack(0x0000000024420000,0x0000000024520000)]
  0x000000001cd27800 JavaThread "RMI TCP Connection(1)-127.0.0.1" daemon [_thread_in_native, id=13968, stack(0x0000000024920000,0x0000000024a20000)]
  0x000000001cd2a800 JavaThread "RMI Reaper" [_thread_blocked, id=11296, stack(0x0000000024720000,0x0000000024820000)]
  0x000000001796d800 JavaThread "RMI TCP Accept-0" daemon [_thread_in_native, id=17132, stack(0x0000000024620000,0x0000000024720000)]
  0x000000001d3ed800 JavaThread "GC Daemon" daemon [_thread_blocked, id=15424, stack(0x0000000024520000,0x0000000024620000)]
  0x000000001d3ef800 JavaThread "RMI Scheduler(0)" daemon [_thread_blocked, id=1164, stack(0x0000000024320000,0x0000000024420000)]
  0x000000001d3ec800 JavaThread "Exec process Thread 3" [_thread_blocked, id=16944, stack(0x00000000234e0000,0x00000000235e0000)]
  0x000000001d3ef000 JavaThread "Exec process Thread 2" [_thread_blocked, id=6888, stack(0x00000000231c0000,0x00000000232c0000)]
  0x000000001d3f3800 JavaThread "Exec process" [_thread_blocked, id=13232, stack(0x00000000230c0000,0x00000000231c0000)]
  0x000000001d3e4800 JavaThread "Cache worker for Build Output Cleanup Cache (G:\newPro\QieziSocial_new\.gradle\buildOutputCleanup)" [_thread_blocked, id=2924, stack(0x00000000233e0000,0x00000000234e0000)]
  0x000000001d3e9800 JavaThread "Cache worker for task history cache (G:\newPro\QieziSocial_new\.gradle\4.6\taskHistory)" [_thread_blocked, id=5968, stack(0x00000000232e0000,0x00000000233e0000)]
  0x000000001d3e5000 JavaThread "Cache worker for file content cache (G:\newPro\QieziSocial_new\.gradle\4.6\fileContent)" [_thread_blocked, id=7764, stack(0x0000000022900000,0x0000000022a00000)]
  0x000000001d3e6800 JavaThread "Memory manager" [_thread_blocked, id=9040, stack(0x00000000209f0000,0x0000000020af0000)]
  0x000000001d3eb000 JavaThread "pool-1-thread-1" [_thread_blocked, id=13428, stack(0x0000000020620000,0x0000000020720000)]
  0x0000000017972800 JavaThread "Build operations Thread 4" [_thread_blocked, id=1172, stack(0x0000000020090000,0x0000000020190000)]
  0x000000001796c800 JavaThread "Build operations Thread 3" [_thread_blocked, id=13388, stack(0x000000001ff90000,0x0000000020090000)]
  0x000000001796e000 JavaThread "Build operations Thread 2" [_thread_blocked, id=6248, stack(0x000000001fe90000,0x000000001ff90000)]
  0x0000000017970800 JavaThread "Build operations" [_thread_blocked, id=2624, stack(0x000000001e710000,0x000000001e810000)]
  0x0000000017972000 JavaThread "Cache worker for Artifact transforms cache (C:\Users\Administrator\.gradle\caches\transforms-1)" [_thread_blocked, id=14092, stack(0x000000001cf80000,0x000000001d080000)]
  0x000000001796f800 JavaThread "Cache worker for file hash cache (G:\newPro\QieziSocial_new\.gradle\4.6\fileHashes)" [_thread_blocked, id=3476, stack(0x000000001bcb0000,0x000000001bdb0000)]
  0x000000001796f000 JavaThread "File lock request listener" [_thread_in_native, id=10168, stack(0x000000001abe0000,0x000000001ace0000)]
  0x0000000017973800 JavaThread "Cache worker for file hash cache (C:\Users\Administrator\.gradle\caches\4.6\fileHashes)" [_thread_blocked, id=8500, stack(0x000000001aae0000,0x000000001abe0000)]
  0x00000000190af000 JavaThread "Asynchronous log dispatcher for DefaultDaemonConnection: socket connection from /127.0.0.1:59414 to /127.0.0.1:59415" [_thread_blocked, id=2896, stack(0x000000001a6e0000,0x000000001a7e0000)]
  0x000000001909a000 JavaThread "Daemon worker" [_thread_in_Java, id=1016, stack(0x000000001a5e0000,0x000000001a6e0000)]
  0x0000000019748800 JavaThread "Cancel handler" [_thread_blocked, id=13304, stack(0x000000001a4e0000,0x000000001a5e0000)]
  0x000000001936c800 JavaThread "Handler for socket connection from /127.0.0.1:59414 to /127.0.0.1:59415" [_thread_in_native, id=4008, stack(0x000000001a1e0000,0x000000001a2e0000)]
  0x0000000019367800 JavaThread "Daemon" [_thread_blocked, id=16260, stack(0x000000001a0e0000,0x000000001a1e0000)]
  0x0000000019346800 JavaThread "Daemon periodic checks" [_thread_blocked, id=6764, stack(0x0000000019fe0000,0x000000001a0e0000)]
  0x0000000019627800 JavaThread "Incoming local TCP Connector on port 59414" [_thread_in_native, id=3940, stack(0x0000000019e30000,0x0000000019f30000)]
  0x000000001982b800 JavaThread "Daemon health stats" [_thread_blocked, id=15748, stack(0x0000000019b30000,0x0000000019c30000)]
  0x00000000178af800 JavaThread "Service Thread" daemon [_thread_blocked, id=3464, stack(0x0000000018160000,0x0000000018260000)]
  0x0000000017870000 JavaThread "C1 CompilerThread2" daemon [_thread_blocked, id=16204, stack(0x0000000018060000,0x0000000018160000)]
  0x00000000164ce000 JavaThread "C2 CompilerThread1" daemon [_thread_in_native, id=15200, stack(0x0000000017f60000,0x0000000018060000)]
=>0x00000000164ca000 JavaThread "C2 CompilerThread0" daemon [_thread_in_native, id=7136, stack(0x0000000017e60000,0x0000000017f60000)]
  0x000000001647e000 JavaThread "Attach Listener" daemon [_thread_blocked, id=640, stack(0x0000000017d60000,0x0000000017e60000)]
  0x0000000017868800 JavaThread "Signal Dispatcher" daemon [_thread_blocked, id=14716, stack(0x0000000017c60000,0x0000000017d60000)]
  0x0000000002afa000 JavaThread "Finalizer" daemon [_thread_blocked, id=6452, stack(0x0000000017700000,0x0000000017800000)]
  0x0000000002af1000 JavaThread "Reference Handler" daemon [_thread_blocked, id=15580, stack(0x0000000017600000,0x0000000017700000)]
  0x0000000000d2e000 JavaThread "main" [_thread_blocked, id=956, stack(0x0000000002900000,0x0000000002a00000)]

Other Threads:
  0x0000000016438000 VMThread [stack: 0x0000000017500000,0x0000000017600000] [id=9764]
  0x00000000178ed800 WatcherThread [stack: 0x0000000018260000,0x0000000018360000] [id=8696]

VM state:not at safepoint (normal execution)

VM Mutex/Monitor currently owned by a thread:  ([mutex/lock_event])
[0x0000000000d2c510] Patching_lock - owner thread: 0x0000000000000000

OutOfMemory and StackOverflow Exception counts:
OutOfMemoryError java_heap_errors=1

heap address: 0x00000000a0000000, size: 1536 MB, Compressed Oops mode: 32-bit
Narrow klass base: 0x0000000000000000, Narrow klass shift: 3
Compressed class space size: 1073741824 Address: 0x0000000100000000

Heap:
 PSYoungGen      total 371712K, used 256759K [0x00000000e0000000, 0x00000000f9f00000, 0x0000000100000000)
  eden space 322560K, 79% used [0x00000000e0000000,0x00000000efabdfe0,0x00000000f3b00000)
  from space 49152K, 0% used [0x00000000f6f00000,0x00000000f6f00000,0x00000000f9f00000)
  to   space 51200K, 0% used [0x00000000f3b00000,0x00000000f3b00000,0x00000000f6d00000)
 ParOldGen       total 167424K, used 105990K [0x00000000a0000000, 0x00000000aa380000, 0x00000000e0000000)
  object space 167424K, 63% used [0x00000000a0000000,0x00000000a6781808,0x00000000aa380000)
 Metaspace       used 88400K, capacity 92003K, committed 92248K, reserved 1128448K
  class space    used 11680K, capacity 12513K, committed 12672K, reserved 1048576K

Card table byte_map: [0x0000000011ec0000,0x00000000121d0000] byte_map_base: 0x00000000119c0000

Marking Bits: (ParMarkBitMap*) 0x0000000067996d90
 Begin Bits: [0x00000000127d0000, 0x0000000013fd0000)
 End Bits:   [0x0000000013fd0000, 0x00000000157d0000)

Polling page: 0x0000000000d60000

CodeCache: size=245760Kb used=46838Kb max_used=46888Kb free=198921Kb
 bounds [0x0000000002b00000, 0x0000000005910000, 0x0000000011b00000]
 total_blobs=15733 nmethods=14856 adapters=788
 compilation: enabled

Compilation events (10 events):
Event: 80.023 Thread 0x0000000017870000 17909       1       org.gradle.internal.logging.events.OperationIdentifier::getId (5 bytes)
Event: 80.023 Thread 0x0000000017870000 nmethod 17909 0x0000000005323ad0 code [0x0000000005323c20, 0x0000000005323d30]
Event: 80.024 Thread 0x0000000017870000 17910       2       com.esotericsoftware.kryo.io.Output::writeUtf8Length (405 bytes)
Event: 80.024 Thread 0x0000000017870000 nmethod 17910 0x0000000005295a10 code [0x0000000005295be0, 0x0000000005296188]
Event: 80.024 Thread 0x0000000017870000 17911       2       org.gradle.internal.logging.events.StyledTextOutputEvent::<init> (24 bytes)
Event: 80.024 Thread 0x0000000017870000 nmethod 17911 0x00000000052f62d0 code [0x00000000052f6440, 0x00000000052f6688]
Event: 80.025 Thread 0x0000000017870000 17912       2       org.gradle.internal.serialize.BaseSerializerFactory$EnumSerializer::write (10 bytes)
Event: 80.025 Thread 0x0000000017870000 nmethod 17912 0x00000000052bdcd0 code [0x00000000052bde40, 0x00000000052be008]
Event: 80.025 Thread 0x0000000017870000 17913       2       org.gradle.internal.serialize.BaseSerializerFactory$EnumSerializer::write (12 bytes)
Event: 80.025 Thread 0x0000000017870000 nmethod 17913 0x00000000052e0f10 code [0x00000000052e1080, 0x00000000052e1208]

GC Heap History (10 events):
Event: 16.106 GC heap before
{Heap before GC invocations=16 (full 3):
 PSYoungGen      total 233472K, used 232032K [0x00000000e0000000, 0x00000000f0180000, 0x0000000100000000)
  eden space 216064K, 99% used [0x00000000e0000000,0x00000000ed1a0318,0x00000000ed300000)
  from space 17408K, 99% used [0x00000000ef080000,0x00000000f0178010,0x00000000f0180000)
  to   space 22016K, 0% used [0x00000000ed680000,0x00000000ed680000,0x00000000eec00000)
 ParOldGen       total 167424K, used 47033K [0x00000000a0000000, 0x00000000aa380000, 0x00000000e0000000)
  object space 167424K, 28% used [0x00000000a0000000,0x00000000a2dee760,0x00000000aa380000)
 Metaspace       used 63460K, capacity 66150K, committed 66520K, reserved 1105920K
  class space    used 8690K, capacity 9372K, committed 9472K, reserved 1048576K
Event: 16.162 GC heap after
Heap after GC invocations=16 (full 3):
 PSYoungGen      total 241664K, used 21987K [0x00000000e0000000, 0x00000000f6400000, 0x0000000100000000)
  eden space 219648K, 0% used [0x00000000e0000000,0x00000000e0000000,0x00000000ed680000)
  from space 22016K, 99% used [0x00000000ed680000,0x00000000eebf8fa8,0x00000000eec00000)
  to   space 45568K, 0% used [0x00000000f3780000,0x00000000f3780000,0x00000000f6400000)
 ParOldGen       total 167424K, used 103021K [0x00000000a0000000, 0x00000000aa380000, 0x00000000e0000000)
  object space 167424K, 61% used [0x00000000a0000000,0x00000000a649b4d8,0x00000000aa380000)
 Metaspace       used 63460K, capacity 66150K, committed 66520K, reserved 1105920K
  class space    used 8690K, capacity 9372K, committed 9472K, reserved 1048576K
}
Event: 59.150 GC heap before
{Heap before GC invocations=17 (full 3):
 PSYoungGen      total 241664K, used 241635K [0x00000000e0000000, 0x00000000f6400000, 0x0000000100000000)
  eden space 219648K, 100% used [0x00000000e0000000,0x00000000ed680000,0x00000000ed680000)
  from space 22016K, 99% used [0x00000000ed680000,0x00000000eebf8fa8,0x00000000eec00000)
  to   space 45568K, 0% used [0x00000000f3780000,0x00000000f3780000,0x00000000f6400000)
 ParOldGen       total 167424K, used 103021K [0x00000000a0000000, 0x00000000aa380000, 0x00000000e0000000)
  object space 167424K, 61% used [0x00000000a0000000,0x00000000a649b4d8,0x00000000aa380000)
 Metaspace       used 71088K, capacity 73983K, committed 74200K, reserved 1114112K
  class space    used 9729K, capacity 10433K, committed 10496K, reserved 1048576K
Event: 59.186 GC heap after
Heap after GC invocations=17 (full 3):
 PSYoungGen      total 304640K, used 17744K [0x00000000e0000000, 0x00000000f5a80000, 0x0000000100000000)
  eden space 268800K, 0% used [0x00000000e0000000,0x00000000e0000000,0x00000000f0680000)
  from space 35840K, 49% used [0x00000000f3780000,0x00000000f48d40c8,0x00000000f5a80000)
  to   space 43008K, 0% used [0x00000000f0680000,0x00000000f0680000,0x00000000f3080000)
 ParOldGen       total 167424K, used 121420K [0x00000000a0000000, 0x00000000aa380000, 0x00000000e0000000)
  object space 167424K, 72% used [0x00000000a0000000,0x00000000a7693130,0x00000000aa380000)
 Metaspace       used 71088K, capacity 73983K, committed 74200K, reserved 1114112K
  class space    used 9729K, capacity 10433K, committed 10496K, reserved 1048576K
}
Event: 62.915 GC heap before
{Heap before GC invocations=18 (full 3):
 PSYoungGen      total 304640K, used 286544K [0x00000000e0000000, 0x00000000f5a80000, 0x0000000100000000)
  eden space 268800K, 100% used [0x00000000e0000000,0x00000000f0680000,0x00000000f0680000)
  from space 35840K, 49% used [0x00000000f3780000,0x00000000f48d40c8,0x00000000f5a80000)
  to   space 43008K, 0% used [0x00000000f0680000,0x00000000f0680000,0x00000000f3080000)
 ParOldGen       total 167424K, used 121420K [0x00000000a0000000, 0x00000000aa380000, 0x00000000e0000000)
  object space 167424K, 72% used [0x00000000a0000000,0x00000000a7693130,0x00000000aa380000)
 Metaspace       used 76154K, capacity 79021K, committed 79192K, reserved 1118208K
  class space    used 10334K, capacity 11048K, committed 11136K, reserved 1048576K
Event: 62.949 GC heap after
Heap after GC invocations=18 (full 3):
 PSYoungGen      total 311808K, used 43007K [0x00000000e0000000, 0x00000000fa100000, 0x0000000100000000)
  eden space 268800K, 0% used [0x00000000e0000000,0x00000000e0000000,0x00000000f0680000)
  from space 43008K, 99% used [0x00000000f0680000,0x00000000f307fd48,0x00000000f3080000)
  to   space 51200K, 0% used [0x00000000f6f00000,0x00000000f6f00000,0x00000000fa100000)
 ParOldGen       total 167424K, used 126039K [0x00000000a0000000, 0x00000000aa380000, 0x00000000e0000000)
  object space 167424K, 75% used [0x00000000a0000000,0x00000000a7b15fc8,0x00000000aa380000)
 Metaspace       used 76154K, capacity 79021K, committed 79192K, reserved 1118208K
  class space    used 10334K, capacity 11048K, committed 11136K, reserved 1048576K
}
Event: 68.420 GC heap before
{Heap before GC invocations=19 (full 3):
 PSYoungGen      total 311808K, used 311807K [0x00000000e0000000, 0x00000000fa100000, 0x0000000100000000)
  eden space 268800K, 100% used [0x00000000e0000000,0x00000000f0680000,0x00000000f0680000)
  from space 43008K, 99% used [0x00000000f0680000,0x00000000f307fd48,0x00000000f3080000)
  to   space 51200K, 0% used [0x00000000f6f00000,0x00000000f6f00000,0x00000000fa100000)
 ParOldGen       total 167424K, used 126039K [0x00000000a0000000, 0x00000000aa380000, 0x00000000e0000000)
  object space 167424K, 75% used [0x00000000a0000000,0x00000000a7b15fc8,0x00000000aa380000)
 Metaspace       used 86347K, capacity 90007K, committed 90200K, reserved 1126400K
  class space    used 11538K, capacity 12399K, committed 12416K, reserved 1048576K
Event: 68.484 GC heap after
Heap after GC invocations=19 (full 3):
 PSYoungGen      total 371712K, used 28739K [0x00000000e0000000, 0x00000000f9f00000, 0x0000000100000000)
  eden space 322560K, 0% used [0x00000000e0000000,0x00000000e0000000,0x00000000f3b00000)
  from space 49152K, 58% used [0x00000000f6f00000,0x00000000f8b10f80,0x00000000f9f00000)
  to   space 51200K, 0% used [0x00000000f3b00000,0x00000000f3b00000,0x00000000f6d00000)
 ParOldGen       total 167424K, used 157717K [0x00000000a0000000, 0x00000000aa380000, 0x00000000e0000000)
  object space 167424K, 94% used [0x00000000a0000000,0x00000000a9a05520,0x00000000aa380000)
 Metaspace       used 86347K, capacity 90007K, committed 90200K, reserved 1126400K
  class space    used 11538K, capacity 12399K, committed 12416K, reserved 1048576K
}
Event: 68.484 GC heap before
{Heap before GC invocations=20 (full 4):
 PSYoungGen      total 371712K, used 28739K [0x00000000e0000000, 0x00000000f9f00000, 0x0000000100000000)
  eden space 322560K, 0% used [0x00000000e0000000,0x00000000e0000000,0x00000000f3b00000)
  from space 49152K, 58% used [0x00000000f6f00000,0x00000000f8b10f80,0x00000000f9f00000)
  to   space 51200K, 0% used [0x00000000f3b00000,0x00000000f3b00000,0x00000000f6d00000)
 ParOldGen       total 167424K, used 157717K [0x00000000a0000000, 0x00000000aa380000, 0x00000000e0000000)
  object space 167424K, 94% used [0x00000000a0000000,0x00000000a9a05520,0x00000000aa380000)
 Metaspace       used 86347K, capacity 90007K, committed 90200K, reserved 1126400K
  class space    used 11538K, capacity 12399K, committed 12416K, reserved 1048576K
Event: 68.744 GC heap after
Heap after GC invocations=20 (full 4):
 PSYoungGen      total 371712K, used 0K [0x00000000e0000000, 0x00000000f9f00000, 0x0000000100000000)
  eden space 322560K, 0% used [0x00000000e0000000,0x00000000e0000000,0x00000000f3b00000)
  from space 49152K, 0% used [0x00000000f6f00000,0x00000000f6f00000,0x00000000f9f00000)
  to   space 51200K, 0% used [0x00000000f3b00000,0x00000000f3b00000,0x00000000f6d00000)
 ParOldGen       total 167424K, used 105990K [0x00000000a0000000, 0x00000000aa380000, 0x00000000e0000000)
  object space 167424K, 63% used [0x00000000a0000000,0x00000000a6781808,0x00000000aa380000)
 Metaspace       used 86112K, capacity 89425K, committed 90200K, reserved 1126400K
  class space    used 11453K, capacity 12256K, committed 12416K, reserved 1048576K
}

Deoptimization events (10 events):
Event: 79.989 Thread 0x000000001d3f0800 Uncommon trap: reason=class_check action=maybe_recompile pc=0x00000000044d19a4 method=java.io.PrintWriter.write(Ljava/lang/String;II)V @ 19
Event: 79.989 Thread 0x000000001d3f0800 Uncommon trap: reason=class_check action=maybe_recompile pc=0x00000000047bb5f8 method=java.io.PrintWriter.newLine()V @ 19
Event: 79.989 Thread 0x000000001d3f0800 Uncommon trap: reason=class_check action=maybe_recompile pc=0x00000000044d19a4 method=java.io.PrintWriter.write(Ljava/lang/String;II)V @ 19
Event: 79.989 Thread 0x000000001d3f0800 Uncommon trap: reason=class_check action=maybe_recompile pc=0x00000000047bb5f8 method=java.io.PrintWriter.newLine()V @ 19
Event: 79.989 Thread 0x000000001d3f0800 Uncommon trap: reason=class_check action=maybe_recompile pc=0x00000000044d19a4 method=java.io.PrintWriter.write(Ljava/lang/String;II)V @ 19
Event: 79.989 Thread 0x000000001d3f0800 Uncommon trap: reason=class_check action=maybe_recompile pc=0x00000000047bb5f8 method=java.io.PrintWriter.newLine()V @ 19
Event: 79.989 Thread 0x000000001d3f0800 Uncommon trap: reason=class_check action=maybe_recompile pc=0x00000000044d19a4 method=java.io.PrintWriter.write(Ljava/lang/String;II)V @ 19
Event: 79.989 Thread 0x000000001d3f0800 Uncommon trap: reason=class_check action=maybe_recompile pc=0x00000000047bb5f8 method=java.io.PrintWriter.newLine()V @ 19
Event: 79.989 Thread 0x000000001d3f0800 Uncommon trap: reason=class_check action=maybe_recompile pc=0x00000000034fadf4 method=java.io.PrintWriter.write(Ljava/lang/String;II)V @ 19
Event: 80.006 Thread 0x00000000190af000 Uncommon trap: reason=unstable_if action=reinterpret pc=0x000000000364d75c method=com.esotericsoftware.kryo.io.Output.writeUtf8Length(I)V @ 42

Classes redefined (0 events):
No events

Internal exceptions (10 events):
Event: 77.791 Thread 0x000000001cd2d800 Implicit null exception at 0x000000000392352f to 0x000000000392361d
Event: 77.791 Thread 0x000000001cd29000 Implicit null exception at 0x000000000392352f to 0x000000000392361d
Event: 78.091 Thread 0x000000001cd2d800 Exception <a 'sun/nio/fs/WindowsException'> (0x00000000eadad6c8) thrown at [C:\re\workspace\8-2-build-windows-amd64-cygwin\jdk8u231\13620\hotspot\src\share\vm\prims\jni.cpp, line 710]
Event: 79.723 Thread 0x000000001cd33000 Exception <a 'sun/nio/fs/WindowsException'> (0x00000000eb277bb0) thrown at [C:\re\workspace\8-2-build-windows-amd64-cygwin\jdk8u231\13620\hotspot\src\share\vm\prims\jni.cpp, line 710]
Event: 79.963 Thread 0x000000001cd2d800 Exception <a 'sun/nio/fs/WindowsException'> (0x00000000ef092f10) thrown at [C:\re\workspace\8-2-build-windows-amd64-cygwin\jdk8u231\13620\hotspot\src\share\vm\prims\jni.cpp, line 710]
Event: 79.964 Thread 0x000000001cd2d800 Exception <a 'java/lang/OutOfMemoryError'> (0x00000000ef093840) thrown at [C:\re\workspace\8-2-build-windows-amd64-cygwin\jdk8u231\13620\hotspot\src\share\vm\prims\unsafe.cpp, line 618]
Event: 79.992 Thread 0x000000001d3f0800 Exception <a 'java/lang/reflect/InvocationTargetException'> (0x00000000ef1c1008) thrown at [C:\re\workspace\8-2-build-windows-amd64-cygwin\jdk8u231\13620\hotspot\src\share\vm\runtime\reflection.cpp, line 1092]
Event: 79.994 Thread 0x000000001d3f0800 Exception <a 'java/lang/NoSuchMethodError': <clinit>> (0x00000000ef2aac98) thrown at [C:\re\workspace\8-2-build-windows-amd64-cygwin\jdk8u231\13620\hotspot\src\share\vm\prims\jni.cpp, line 1614]
Event: 79.995 Thread 0x000000001d3f0800 Exception <a 'java/lang/NoSuchMethodError': <clinit>> (0x00000000ef2c0290) thrown at [C:\re\workspace\8-2-build-windows-amd64-cygwin\jdk8u231\13620\hotspot\src\share\vm\prims\jni.cpp, line 1614]
Event: 80.005 Thread 0x000000001d3f0800 Exception <a 'java/lang/NoSuchMethodError': <clinit>> (0x00000000ef475ba0) thrown at [C:\re\workspace\8-2-build-windows-amd64-cygwin\jdk8u231\13620\hotspot\src\share\vm\prims\jni.cpp, line 1614]

Events (10 events):
Event: 80.026 loading class com/android/builder/internal/compiler/PreProcessCache
Event: 80.026 loading class com/android/builder/internal/compiler/PreProcessCache done
Event: 80.028 loading class com/android/builder/internal/compiler/PreProcessCache$BaseItem
Event: 80.028 loading class com/android/builder/internal/compiler/PreProcessCache$BaseItem done
Event: 80.029 loading class com/android/builder/internal/compiler/PreProcessCache$Key
Event: 80.029 loading class com/android/builder/internal/compiler/PreProcessCache$Key done
Event: 80.030 loading class com/android/builder/internal/compiler/DxDexKey
Event: 80.030 loading class com/android/builder/internal/compiler/DxDexKey done
Event: 80.030 loading class com/android/builder/internal/compiler/DexKey
Event: 80.030 loading class com/android/builder/internal/compiler/DexKey done


Dynamic libraries:
0x00007ff76d230000 - 0x00007ff76d267000 	E:\Program Files\Java\jdk1.8.0\bin\java.exe
0x00007ffcdc330000 - 0x00007ffcdc525000 	C:\WINDOWS\SYSTEM32\ntdll.dll
0x00007ffcdb2d0000 - 0x00007ffcdb38d000 	C:\WINDOWS\System32\KERNEL32.DLL
0x00007ffcd9ef0000 - 0x00007ffcda1b9000 	C:\WINDOWS\System32\KERNELBASE.dll
0x00007ffcda500000 - 0x00007ffcda5ac000 	C:\WINDOWS\System32\ADVAPI32.dll
0x00007ffcdb390000 - 0x00007ffcdb42e000 	C:\WINDOWS\System32\msvcrt.dll
0x00007ffcdb020000 - 0x00007ffcdb0bb000 	C:\WINDOWS\System32\sechost.dll
0x00007ffcdb0c0000 - 0x00007ffcdb1ea000 	C:\WINDOWS\System32\RPCRT4.dll
0x00007ffcdb4b0000 - 0x00007ffcdb650000 	C:\WINDOWS\System32\USER32.dll
0x00007ffcda260000 - 0x00007ffcda282000 	C:\WINDOWS\System32\win32u.dll
0x00007ffcdad10000 - 0x00007ffcdad3a000 	C:\WINDOWS\System32\GDI32.dll
0x00007ffcd9b70000 - 0x00007ffcd9c7b000 	C:\WINDOWS\System32\gdi32full.dll
0x00007ffcda1c0000 - 0x00007ffcda25d000 	C:\WINDOWS\System32\msvcp_win.dll
0x00007ffcd9a70000 - 0x00007ffcd9b70000 	C:\WINDOWS\System32\ucrtbase.dll
0x00007ffcc9510000 - 0x00007ffcc97aa000 	C:\WINDOWS\WinSxS\amd64_microsoft.windows.common-controls_6595b64144ccf1df_6.0.19041.1083_none_60bbe31371f34e71\COMCTL32.dll
0x00007ffcdb2a0000 - 0x00007ffcdb2d0000 	C:\WINDOWS\System32\IMM32.DLL
0x0000000067a20000 - 0x0000000067af2000 	E:\Program Files\Java\jdk1.8.0\jre\bin\msvcr100.dll
0x0000000067170000 - 0x0000000067a16000 	E:\Program Files\Java\jdk1.8.0\jre\bin\server\jvm.dll
0x00007ffcda3b0000 - 0x00007ffcda3b8000 	C:\WINDOWS\System32\PSAPI.DLL
0x00007ffcd16e0000 - 0x00007ffcd1707000 	C:\WINDOWS\SYSTEM32\WINMM.dll
0x00007ffcd7aa0000 - 0x00007ffcd7aaa000 	C:\WINDOWS\SYSTEM32\VERSION.dll
0x00007ffcd7b30000 - 0x00007ffcd7b39000 	C:\WINDOWS\SYSTEM32\WSOCK32.dll
0x00007ffcdada0000 - 0x00007ffcdae0b000 	C:\WINDOWS\System32\WS2_32.dll
0x00007ffcd52c0000 - 0x00007ffcd52cf000 	E:\Program Files\Java\jdk1.8.0\jre\bin\verify.dll
0x00007ffcd1890000 - 0x00007ffcd18b9000 	E:\Program Files\Java\jdk1.8.0\jre\bin\java.dll
0x00007ffcd0cc0000 - 0x00007ffcd0cd6000 	E:\Program Files\Java\jdk1.8.0\jre\bin\zip.dll
0x00007ffcdba30000 - 0x00007ffcdc16f000 	C:\WINDOWS\System32\SHELL32.dll
0x00007ffcd7ba0000 - 0x00007ffcd8331000 	C:\WINDOWS\SYSTEM32\windows.storage.dll
0x00007ffcdb6d0000 - 0x00007ffcdba25000 	C:\WINDOWS\System32\combase.dll
0x00007ffcd9410000 - 0x00007ffcd943c000 	C:\WINDOWS\SYSTEM32\Wldp.dll
0x00007ffcdaa20000 - 0x00007ffcdaace000 	C:\WINDOWS\System32\SHCORE.dll
0x00007ffcdc290000 - 0x00007ffcdc2e5000 	C:\WINDOWS\System32\shlwapi.dll
0x00007ffcd99b0000 - 0x00007ffcd99cf000 	C:\WINDOWS\SYSTEM32\profapi.dll
0x00007ffcd0290000 - 0x00007ffcd02aa000 	E:\Program Files\Java\jdk1.8.0\jre\bin\net.dll
0x00007ffcd9170000 - 0x00007ffcd91da000 	C:\WINDOWS\system32\mswsock.dll
0x00007ffcd0270000 - 0x00007ffcd0282000 	E:\Program Files\Java\jdk1.8.0\jre\bin\nio.dll
0x00007ffcd1710000 - 0x00007ffcd172e000 	C:\Users\Administrator\.gradle\native\25\windows-amd64\native-platform.dll
0x00007ffcd2e10000 - 0x00007ffcd2e1d000 	E:\Program Files\Java\jdk1.8.0\jre\bin\management.dll
0x00007ffcd9360000 - 0x00007ffcd9378000 	C:\WINDOWS\SYSTEM32\CRYPTSP.dll
0x00007ffcd8b10000 - 0x00007ffcd8b44000 	C:\WINDOWS\system32\rsaenh.dll
0x00007ffcd9e30000 - 0x00007ffcd9e57000 	C:\WINDOWS\System32\bcrypt.dll
0x00007ffcd9970000 - 0x00007ffcd999e000 	C:\WINDOWS\SYSTEM32\USERENV.dll
0x00007ffcd9e60000 - 0x00007ffcd9ee3000 	C:\WINDOWS\System32\bcryptprimitives.dll
0x00007ffcd9350000 - 0x00007ffcd935c000 	C:\WINDOWS\SYSTEM32\CRYPTBASE.dll
0x00007ffcd8e60000 - 0x00007ffcd8e9b000 	C:\WINDOWS\SYSTEM32\IPHLPAPI.DLL
0x00007ffcda3c0000 - 0x00007ffcda3c8000 	C:\WINDOWS\System32\NSI.dll
0x00007ffcd43c0000 - 0x00007ffcd43d7000 	C:\WINDOWS\SYSTEM32\dhcpcsvc6.DLL
0x00007ffcd43a0000 - 0x00007ffcd43bd000 	C:\WINDOWS\SYSTEM32\dhcpcsvc.DLL
0x00007ffcd8ea0000 - 0x00007ffcd8f6c000 	C:\WINDOWS\SYSTEM32\DNSAPI.dll
0x00007ffcd87a0000 - 0x00007ffcd87d3000 	C:\WINDOWS\SYSTEM32\ntmarta.dll
0x00007ffcca820000 - 0x00007ffcca83e000 	C:\Users\Administrator\AppData\Local\Temp\native-platform1472178704475545533dir\native-platform.dll

VM Arguments:
jvm_args: -Xmx1536m -Dfile.encoding=GBK -Duser.country=CN -Duser.language=zh -Duser.variant 
java_command: org.gradle.launcher.daemon.bootstrap.GradleDaemon 4.6
java_class_path (initial): C:\Users\Administrator\.gradle\wrapper\dists\gradle-4.6-all\bcst21l2brirad8k2ben1letg\gradle-4.6\lib\gradle-launcher-4.6.jar
Launcher Type: SUN_STANDARD

Environment Variables:
JAVA_HOME=E:\Program Files\Java\jdk1.8.0
CLASSPATH=.;E:\Program Files\Java\jdk1.8.0\lib;E:\Program Files\Java\jdk1.8.0\lib\tools.jar
PATH=C:\Program Files (x86)\Common Files\Oracle\Java\javapath;C:\ProgramData\Oracle\Java\javapath;C:\WINDOWS\system32;C:\WINDOWS;C:\WINDOWS\System32\Wbem;C:\WINDOWS\System32\WindowsPowerShell\v1.0\;C:\WINDOWS\System32\OpenSSH\;E:\Program Files\Java\jdk1.8.0\bin;E:\Program Files\Git\Git\cmd;E:\Program Files\Java\jdk1.8.0\jre\bin;D:\Android\sdk\platform-tools;C:\Users\Administrator\AppData\Local\Microsoft\WindowsApps;E:\Program Files\Bandizip\;E:\Program Files\flutter\bin;
USERNAME=Administrator
OS=Windows_NT
PROCESSOR_IDENTIFIER=Intel64 Family 6 Model 60 Stepping 3, GenuineIntel



---------------  S Y S T E M  ---------------

OS: Windows 10.0 , 64 bit Build 19041 (10.0.19041.1023)

CPU:total 4 (initial active 4) (4 cores per cpu, 1 threads per core) family 6 model 60 stepping 3, cmov, cx8, fxsr, mmx, sse, sse2, sse3, ssse3, sse4.1, sse4.2, popcnt, avx, avx2, aes, clmul, erms, lzcnt, tsc, tscinvbit, bmi1, bmi2

Memory: 4k page, physical 12535624k(4041956k free), swap 22917564k(4400k free)

vm_info: Java HotSpot(TM) 64-Bit Server VM (25.231-b11) for windows-amd64 JRE (1.8.0_231-b11), built on Oct  5 2019 03:11:30 by "java_re" with MS VC++ 10.0 (VS2010)

time: Mon Aug 23 15:39:11 2021
timezone: 中国标准时间
elapsed time: 80 seconds (0d 0h 1m 20s)

